/home/mathias/Bureau/Algo/C++Tests/C++/doc/mainpage.md:99: warning: multiple use of section label 'upd_sec_20201027_subsec' while adding section, (first occurrence: /home/mathias/Bureau/Algo/C++Tests/C++/doc/mainpage.md, line 95)
/home/mathias/Bureau/Algo/C++Tests/C++/inc/C++/timeFunctions.hpp:3: warning: the name 'time.hpp' supplied as the argument in the \file statement is not an input file
/home/mathias/Bureau/Algo/C++Tests/C++/inc/C++/Test.hpp:41: warning: Found unknown command '\error'
/home/mathias/Bureau/Algo/C++Tests/C++/inc/C++/Test.hpp:51: warning: Found unknown command '\error'
/home/mathias/Bureau/Algo/C++Tests/C++/inc/C++/Test.hpp:61: warning: Found unknown command '\error'
/home/mathias/Bureau/Algo/C++Tests/C++/inc/C++/files.hpp:24: warning: documented empty return type of mcd::fileFormat
/home/mathias/Bureau/Algo/C++Tests/C++/inc/C++/types.hpp:159: warning: documented empty return type of mcd::printType
/home/mathias/Bureau/Algo/C++Tests/C++/inc/C++/string.hpp:61: warning: documented empty return type of mcd::trim
/home/mathias/Bureau/Algo/C++Tests/C++/inc/C++/Args.hpp:92: warning: documented empty return type of mcd::Arguments::print
/home/mathias/Bureau/Algo/C++Tests/C++/inc/C++/Binary.hpp:264: warning: documented empty return type of mcd::Binary< T, typename std::enable_if_t< std::is_arithmetic< T >::value, void > >::print
/home/mathias/Bureau/Algo/C++Tests/C++/inc/C++/Binary.hpp:47: warning: documented empty return type of mcd::Binary< T, typename std::enable_if_t< std::is_arithmetic< T >::value, void > >::s_print
/home/mathias/Bureau/Algo/C++Tests/C++/inc/C++/Identifier.hpp:47: warning: documented empty return type of mcd::Identifier::setId
/home/mathias/Bureau/Algo/C++Tests/C++/inc/C++/Identifier.hpp:39: warning: documented empty return type of mcd::Identifier::setPassword
/home/mathias/Bureau/Algo/C++Tests/C++/inc/C++/Identifier.hpp:32: warning: documented empty return type of mcd::Identifier::setUsername
/home/mathias/Bureau/Algo/C++Tests/C++/inc/C++/Logger.hpp:49: warning: documented empty return type of mcd::Logger::init
/home/mathias/Bureau/Algo/C++Tests/C++/inc/C++/Logger.hpp:83: warning: documented empty return type of mcd::Logger::log
/home/mathias/Bureau/Algo/C++Tests/C++/inc/C++/Logger.hpp:56: warning: documented empty return type of mcd::Logger::reset
/home/mathias/Bureau/Algo/C++Tests/C++/inc/C++/Map.hpp:114: warning: documented empty return type of mcd::Map::clear
/home/mathias/Bureau/Algo/C++Tests/C++/inc/C++/Map.hpp:119: warning: documented empty return type of mcd::Map::consolePrint
/home/mathias/Bureau/Algo/C++Tests/C++/inc/C++/Map.hpp:183: warning: documented empty return type of mcd::Map::setEntity
/home/mathias/Bureau/Algo/C++Tests/C++/inc/C++/Map.hpp:72: warning: documented empty return type of mcd::Map::setSize
/home/mathias/Bureau/Algo/C++Tests/C++/inc/C++/Map.hpp:79: warning: documented empty return type of mcd::Map::setW
/home/mathias/Bureau/Algo/C++Tests/C++/inc/C++/Matrix.hpp:115: warning: documented empty return type of mcd::Matrix::GaussJordan
/home/mathias/Bureau/Algo/C++Tests/C++/inc/C++/Path.hpp:69: warning: documented empty return type of mcd::Path::push
/home/mathias/Bureau/Algo/C++Tests/C++/inc/C++/cryptage.hpp:258: warning: documented empty return type of mcd::RSA::setPrivate
/home/mathias/Bureau/Algo/C++Tests/C++/inc/C++/cryptage.hpp:251: warning: documented empty return type of mcd::RSA::setPublic
/home/mathias/Bureau/Algo/C++Tests/C++/inc/C++/cryptage.hpp:161: warning: documented empty return type of mcd::SHA2::final
/home/mathias/Bureau/Algo/C++Tests/C++/inc/C++/cryptage.hpp:147: warning: documented empty return type of mcd::SHA2::transform
/home/mathias/Bureau/Algo/C++Tests/C++/inc/C++/cryptage.hpp:154: warning: documented empty return type of mcd::SHA2::update
/home/mathias/Bureau/Algo/C++Tests/C++/inc/C++/Tree.hpp:238: warning: documented empty return type of mcd::Tree::add
/home/mathias/Bureau/Algo/C++Tests/C++/inc/C++/Tree.hpp:163: warning: documented empty return type of mcd::Tree::applyForEach
/home/mathias/Bureau/Algo/C++Tests/C++/inc/C++/Tree.hpp:223: warning: documented empty return type of mcd::Tree::create
/home/mathias/Bureau/Algo/C++Tests/C++/inc/C++/Tree.hpp:177: warning: documented empty return type of mcd::Tree::insert
/home/mathias/Bureau/Algo/C++Tests/C++/inc/C++/vector.hpp:181: warning: argument 'in' of command @param is not found in the argument list of mcd::vector< C >::operator<<(std::ostream &os, const vector &other)
/home/mathias/Bureau/Algo/C++Tests/C++/inc/C++/vector.hpp:181: warning: argument 'out' of command @param is not found in the argument list of mcd::vector< C >::operator<<(std::ostream &os, const vector &other)
/home/mathias/Bureau/Algo/C++Tests/C++/inc/C++/vector.hpp:187: warning: The following parameter of mcd::vector::operator<<(std::ostream &os, const vector &other) is not documented:
  parameter 'os'
/home/mathias/Bureau/Algo/C++Tests/C++/inc/C++/vector.hpp:194: warning: argument 'in' of command @param is not found in the argument list of mcd::vector< C >::operator>>(std::istream &is, vector &other)
/home/mathias/Bureau/Algo/C++Tests/C++/inc/C++/vector.hpp:194: warning: argument 'out' of command @param is not found in the argument list of mcd::vector< C >::operator>>(std::istream &is, vector &other)
/home/mathias/Bureau/Algo/C++Tests/C++/inc/C++/vector.hpp:200: warning: The following parameter of mcd::vector::operator>>(std::istream &is, vector &other) is not documented:
  parameter 'is'
/home/mathias/Bureau/Algo/C++Tests/C++/inc/C++/array.hpp:54: warning: documented empty return type of mcd::console::print_r
/home/mathias/Bureau/Algo/C++Tests/C++/inc/C++/array.hpp:365: warning: documented empty return type of mcd::console::vector2DPrint
/home/mathias/Bureau/Algo/C++Tests/C++/inc/C++/array.hpp:385: warning: The following parameter of mcd::console::vector2DPrintInverted(const vector< vector< T > > values, int autosize=0, std::ostream &os=std::cout, int shift=0) is not documented:
  parameter 'shift'
/home/mathias/Bureau/Algo/C++Tests/C++/inc/C++/array.hpp:385: warning: documented empty return type of mcd::console::vector2DPrintInverted
/home/mathias/Bureau/Algo/C++Tests/C++/inc/C++/console.hpp:119: warning: documented empty return type of mcd::console::Color::addColors
/home/mathias/Bureau/Algo/C++Tests/C++/inc/C++/console.hpp:129: warning: documented empty return type of mcd::console::Color::addColors
/home/mathias/Bureau/Algo/C++Tests/C++/inc/C++/console.hpp:97: warning: documented empty return type of mcd::console::Color::addColors
/home/mathias/Bureau/Algo/C++Tests/C++/inc/C++/console.hpp:107: warning: documented empty return type of mcd::console::Color::addColors
/home/mathias/Bureau/Algo/C++Tests/C++/inc/C++/console.hpp:182: warning: documented empty return type of mcd::console::Cursor::goTo
/home/mathias/Bureau/Algo/C++Tests/C++/inc/C++/console.hpp:216: warning: documented empty return type of mcd::console::Cursor::put
/home/mathias/Bureau/Algo/C++Tests/C++/inc/C++/Animal.hpp:145: warning: documented empty return type of mcd::entities::Animal::anyObstacle
/home/mathias/Bureau/Algo/C++Tests/C++/inc/C++/Animal.hpp:175: warning: documented empty return type of mcd::entities::Animal::goBot
/home/mathias/Bureau/Algo/C++Tests/C++/inc/C++/Animal.hpp:160: warning: documented empty return type of mcd::entities::Animal::goLeft
/home/mathias/Bureau/Algo/C++Tests/C++/inc/C++/Animal.hpp:165: warning: documented empty return type of mcd::entities::Animal::goRight
/home/mathias/Bureau/Algo/C++Tests/C++/inc/C++/Animal.hpp:170: warning: documented empty return type of mcd::entities::Animal::goTop
/home/mathias/Bureau/Algo/C++Tests/C++/inc/C++/Animal.hpp:197: warning: documented empty return type of mcd::entities::Animal::move
/home/mathias/Bureau/Algo/C++Tests/C++/inc/C++/Animal.hpp:204: warning: documented empty return type of mcd::entities::Animal::move
/home/mathias/Bureau/Algo/C++Tests/C++/inc/C++/Animal.hpp:154: warning: documented empty return type of mcd::entities::Animal::printInfos
/home/mathias/Bureau/Algo/C++Tests/C++/inc/C++/Animal.hpp:49: warning: documented empty return type of mcd::entities::Animal::setFood
/home/mathias/Bureau/Algo/C++Tests/C++/inc/C++/Animal.hpp:56: warning: documented empty return type of mcd::entities::Animal::setFoodMax
/home/mathias/Bureau/Algo/C++Tests/C++/inc/C++/Animal.hpp:72: warning: documented empty return type of mcd::entities::Animal::setSpecialAttack
/home/mathias/Bureau/Algo/C++Tests/C++/inc/C++/Animal.hpp:64: warning: documented empty return type of mcd::entities::Animal::setSpecies
/home/mathias/Bureau/Algo/C++Tests/C++/inc/C++/Animal.hpp:41: warning: documented empty return type of mcd::entities::Animal::setSpeed
/home/mathias/Bureau/Algo/C++Tests/C++/inc/C++/Animal.hpp:183: warning: documented empty return type of mcd::entities::Animal::turn
/home/mathias/Bureau/Algo/C++Tests/C++/inc/C++/Ant.hpp:76: warning: documented empty return type of mcd::entities::Ant::printInfos
/home/mathias/Bureau/Algo/C++Tests/C++/inc/C++/Ant.hpp:41: warning: documented empty return type of mcd::entities::Ant::setCaste
/home/mathias/Bureau/Algo/C++Tests/C++/inc/C++/Ant.hpp:49: warning: documented empty return type of mcd::entities::Ant::setStone
/home/mathias/Bureau/Algo/C++Tests/C++/inc/C++/Ant.hpp:56: warning: documented empty return type of mcd::entities::Ant::setStoneMax
/home/mathias/Bureau/Algo/C++Tests/C++/inc/C++/Contraption.hpp:188: warning: documented empty return type of mcd::entities::Contraption::addPosition
/home/mathias/Bureau/Algo/C++Tests/C++/inc/C++/Contraption.hpp:170: warning: documented empty return type of mcd::entities::Contraption::printInfos
/home/mathias/Bureau/Algo/C++Tests/C++/inc/C++/Contraption.hpp:111: warning: documented empty return type of mcd::entities::Contraption::setA
/home/mathias/Bureau/Algo/C++Tests/C++/inc/C++/Contraption.hpp:80: warning: documented empty return type of mcd::entities::Contraption::setAttributes
/home/mathias/Bureau/Algo/C++Tests/C++/inc/C++/Contraption.hpp:89: warning: documented empty return type of mcd::entities::Contraption::setAttributes
/home/mathias/Bureau/Algo/C++Tests/C++/inc/C++/Contraption.hpp:104: warning: documented empty return type of mcd::entities::Contraption::setH
/home/mathias/Bureau/Algo/C++Tests/C++/inc/C++/Contraption.hpp:127: warning: documented empty return type of mcd::entities::Contraption::setLevel
/home/mathias/Bureau/Algo/C++Tests/C++/inc/C++/Contraption.hpp:119: warning: documented empty return type of mcd::entities::Contraption::setMap
/home/mathias/Bureau/Algo/C++Tests/C++/inc/C++/Contraption.hpp:50: warning: documented empty return type of mcd::entities::Contraption::setPosition
/home/mathias/Bureau/Algo/C++Tests/C++/inc/C++/Contraption.hpp:41: warning: documented empty return type of mcd::entities::Contraption::setPosition
/home/mathias/Bureau/Algo/C++Tests/C++/inc/C++/Contraption.hpp:97: warning: documented empty return type of mcd::entities::Contraption::setW
/home/mathias/Bureau/Algo/C++Tests/C++/inc/C++/Contraption.hpp:58: warning: documented empty return type of mcd::entities::Contraption::setX
/home/mathias/Bureau/Algo/C++Tests/C++/inc/C++/Contraption.hpp:65: warning: documented empty return type of mcd::entities::Contraption::setY
/home/mathias/Bureau/Algo/C++Tests/C++/inc/C++/Contraption.hpp:72: warning: documented empty return type of mcd::entities::Contraption::setZ
/home/mathias/Bureau/Algo/C++Tests/C++/inc/C++/Contraption.hpp:193: warning: documented empty return type of mcd::entities::Contraption::turnLeft
/home/mathias/Bureau/Algo/C++Tests/C++/inc/C++/Contraption.hpp:198: warning: documented empty return type of mcd::entities::Contraption::turnRight
/home/mathias/Bureau/Algo/C++Tests/C++/inc/C++/Entity.hpp:146: warning: documented empty return type of mcd::entities::Entity::grow
/home/mathias/Bureau/Algo/C++Tests/C++/inc/C++/Entity.hpp:157: warning: documented empty return type of mcd::entities::Entity::hit
/home/mathias/Bureau/Algo/C++Tests/C++/inc/C++/Entity.hpp:141: warning: documented empty return type of mcd::entities::Entity::printInfos
/home/mathias/Bureau/Algo/C++Tests/C++/inc/C++/Entity.hpp:62: warning: documented empty return type of mcd::entities::Entity::setAge
/home/mathias/Bureau/Algo/C++Tests/C++/inc/C++/Entity.hpp:48: warning: documented empty return type of mcd::entities::Entity::setDamages
/home/mathias/Bureau/Algo/C++Tests/C++/inc/C++/Entity.hpp:41: warning: documented empty return type of mcd::entities::Entity::setLife
/home/mathias/Bureau/Algo/C++Tests/C++/inc/C++/Entity.hpp:70: warning: documented empty return type of mcd::entities::Entity::setReborn
/home/mathias/Bureau/Algo/C++Tests/C++/inc/C++/Entity.hpp:92: warning: documented empty return type of mcd::entities::Entity::setRegen
/home/mathias/Bureau/Algo/C++Tests/C++/inc/C++/Entity.hpp:55: warning: documented empty return type of mcd::entities::Entity::setResistance
/home/mathias/Bureau/Algo/C++Tests/C++/inc/C++/Entity.hpp:77: warning: documented empty return type of mcd::entities::Entity::setTimeActReborn
/home/mathias/Bureau/Algo/C++Tests/C++/inc/C++/Entity.hpp:99: warning: documented empty return type of mcd::entities::Entity::setTimeActRegen
/home/mathias/Bureau/Algo/C++Tests/C++/inc/C++/Entity.hpp:84: warning: documented empty return type of mcd::entities::Entity::setTimePrecReborn
/home/mathias/Bureau/Algo/C++Tests/C++/inc/C++/Entity.hpp:106: warning: documented empty return type of mcd::entities::Entity::setTimePrecRegen
/home/mathias/Bureau/Algo/C++Tests/C++/inc/C++/Hostile.hpp:65: warning: documented empty return type of mcd::entities::Hostile::printInfos
/home/mathias/Bureau/Algo/C++Tests/C++/inc/C++/Hostile.hpp:35: warning: documented empty return type of mcd::entities::Hostile::setStrength
/home/mathias/Bureau/Algo/C++Tests/C++/inc/C++/Hostile.hpp:42: warning: documented empty return type of mcd::entities::Hostile::setTarget
/home/mathias/Bureau/Algo/C++Tests/C++/inc/C++/Hostile.hpp:86: warning: documented empty return type of mcd::entities::Hostile::untarget
/home/mathias/Bureau/Algo/C++Tests/C++/inc/C++/Mushroom.hpp:47: warning: documented empty return type of mcd::entities::Mushroom::printInfos
/home/mathias/Bureau/Algo/C++Tests/C++/inc/C++/Object.hpp:47: warning: documented empty return type of mcd::entities::Object::printInfos
/home/mathias/Bureau/Algo/C++Tests/C++/inc/C++/Plant.hpp:47: warning: documented empty return type of mcd::entities::Plant::printInfos
/home/mathias/Bureau/Algo/C++Tests/C++/inc/C++/Player.hpp:44: warning: documented empty return type of mcd::entities::Player::printInfos
/home/mathias/Bureau/Algo/C++Tests/C++/inc/C++/PlayerAbstraction.hpp:108: warning: documented empty return type of mcd::entities::PlayerAbstraction::lost
/home/mathias/Bureau/Algo/C++Tests/C++/inc/C++/PlayerAbstraction.hpp:92: warning: documented empty return type of mcd::entities::PlayerAbstraction::pause
/home/mathias/Bureau/Algo/C++Tests/C++/inc/C++/PlayerAbstraction.hpp:82: warning: documented empty return type of mcd::entities::PlayerAbstraction::printInfos
/home/mathias/Bureau/Algo/C++Tests/C++/inc/C++/PlayerAbstraction.hpp:97: warning: documented empty return type of mcd::entities::PlayerAbstraction::resume
/home/mathias/Bureau/Algo/C++Tests/C++/inc/C++/PlayerAbstraction.hpp:113: warning: documented empty return type of mcd::entities::PlayerAbstraction::retreive
/home/mathias/Bureau/Algo/C++Tests/C++/inc/C++/PlayerAbstraction.hpp:55: warning: documented empty return type of mcd::entities::PlayerAbstraction::setExperience
/home/mathias/Bureau/Algo/C++Tests/C++/inc/C++/PlayerAbstraction.hpp:62: warning: documented empty return type of mcd::entities::PlayerAbstraction::setExperienceMax
/home/mathias/Bureau/Algo/C++Tests/C++/inc/C++/PlayerAbstraction.hpp:47: warning: documented empty return type of mcd::entities::PlayerAbstraction::setMail
/home/mathias/Bureau/Algo/C++Tests/C++/inc/C++/Stone.hpp:47: warning: documented empty return type of mcd::entities::Stone::printInfos
/home/mathias/Bureau/Algo/C++Tests/C++/inc/C++/Vegetal.hpp:47: warning: documented empty return type of mcd::entities::Vegetal::printInfos
/home/mathias/Bureau/Algo/C++Tests/C++/inc/C++/Test.hpp:41: warning: Found unknown command '\error'
/home/mathias/Bureau/Algo/C++Tests/C++/inc/C++/Test.hpp:51: warning: Found unknown command '\error'
/home/mathias/Bureau/Algo/C++Tests/C++/inc/C++/Test.hpp:61: warning: Found unknown command '\error'
/home/mathias/Bureau/Algo/C++Tests/C++/inc/C++/Test.hpp:77: warning: documented empty return type of mcd::tests::Test::addSuite
/home/mathias/Bureau/Algo/C++Tests/C++/inc/C++/Test.hpp:92: warning: documented empty return type of mcd::tests::Test::addTest
/home/mathias/Bureau/Algo/C++Tests/C++/inc/C++/Test.hpp:100: warning: documented empty return type of mcd::tests::Test::addThrow
/home/mathias/Bureau/Algo/C++Tests/C++/inc/C++/Test.hpp:61: warning: Found unknown command '\error'
/home/mathias/Bureau/Algo/C++Tests/C++/inc/C++/Test.hpp:115: warning: documented empty return type of mcd::tests::Test::in
/home/mathias/Bureau/Algo/C++Tests/C++/inc/C++/Test.hpp:126: warning: argument 'obj' of command @param is not found in the argument list of mcd::tests::Test::instance(const U &, const std::string &strObj, const Test_struct &test, bool cmp=true)
/home/mathias/Bureau/Algo/C++Tests/C++/inc/C++/Test.hpp:135: warning: documented empty return type of mcd::tests::Test::instance
/home/mathias/Bureau/Algo/C++Tests/C++/inc/C++/Test.hpp:41: warning: Found unknown command '\error'
/home/mathias/Bureau/Algo/C++Tests/C++/inc/C++/Test.hpp:152: warning: documented empty return type of mcd::tests::Test::print
/home/mathias/Bureau/Algo/C++Tests/C++/inc/C++/Test.hpp:85: warning: documented empty return type of mcd::tests::Test::run
/home/mathias/Bureau/Algo/C++Tests/C++/inc/C++/Test.hpp:51: warning: Found unknown command '\error'
/home/mathias/Bureau/Algo/C++Tests/C++/doc/mainpage.md:44: warning: unable to resolve reference to 'mcd::Big\n' for \ref command
/home/mathias/Bureau/Algo/C++Tests/C++/doc/mainpage.md:45: warning: unable to resolve reference to 'mcd::Point\n' for \ref command
/home/mathias/Bureau/Algo/C++Tests/C++/doc/mainpage.md:46: warning: unable to resolve reference to 'mcd::PathfindingDijkstra\n' for \ref command
/home/mathias/Bureau/Algo/C++Tests/C++/doc/mainpage.md:47: warning: unable to resolve reference to 'mcd::Threadable\n' for \ref command
/home/mathias/Bureau/Algo/C++Tests/C++/doc/mainpage.md:48: warning: unable to resolve reference to 'mcd::trio\n' for \ref command
/home/mathias/Bureau/Algo/C++Tests/C++/doc/mainpage.md:49: warning: unable to resolve reference to 'mcd::quatuor\n' for \ref command
/home/mathias/Bureau/Algo/C++Tests/C++/doc/mainpage.md:50: warning: unable to resolve reference to 'mcd::stack\n' for \ref command
/home/mathias/Bureau/Algo/C++Tests/C++/doc/mainpage.md:51: warning: unable to resolve reference to 'mcd::queue\n' for \ref command
/home/mathias/Bureau/Algo/C++Tests/C++/doc/mainpage.md:52: warning: unable to resolve reference to 'mcd::vector\n' for \ref command
/home/mathias/Bureau/Algo/C++Tests/C++/doc/mainpage.md:53: warning: unable to resolve reference to 'mcd::Contraption\n' for \ref command
/home/mathias/Bureau/Algo/C++Tests/C++/doc/mainpage.md:54: warning: unable to resolve reference to 'mcd::Object\n' for \ref command
/home/mathias/Bureau/Algo/C++Tests/C++/doc/mainpage.md:55: warning: unable to resolve reference to 'mcd::Stone\n' for \ref command
/home/mathias/Bureau/Algo/C++Tests/C++/doc/mainpage.md:56: warning: unable to resolve reference to 'mcd::Entity\n' for \ref command
/home/mathias/Bureau/Algo/C++Tests/C++/doc/mainpage.md:57: warning: unable to resolve reference to 'mcd::Animal\n' for \ref command
/home/mathias/Bureau/Algo/C++Tests/C++/doc/mainpage.md:58: warning: unable to resolve reference to 'mcd::Ant\n' for \ref command
/home/mathias/Bureau/Algo/C++Tests/C++/doc/mainpage.md:59: warning: unable to resolve reference to 'mcd::Vegetal\n' for \ref command
/home/mathias/Bureau/Algo/C++Tests/C++/doc/mainpage.md:60: warning: unable to resolve reference to 'mcd::Plant\n' for \ref command
/home/mathias/Bureau/Algo/C++Tests/C++/doc/mainpage.md:61: warning: unable to resolve reference to 'mcd::Mushroom\n' for \ref command
/home/mathias/Bureau/Algo/C++Tests/C++/doc/mainpage.md:62: warning: unable to resolve reference to 'mcd::Player' for \ref command
/home/mathias/Bureau/Algo/C++Tests/C++/doc/mainpage.md:66: warning: unable to resolve reference to 'mcd::bdd\n' for \ref command
/home/mathias/Bureau/Algo/C++Tests/C++/doc/mainpage.md:67: warning: unable to resolve reference to 'mcd::rnd\n' for \ref command
/home/mathias/Bureau/Algo/C++Tests/C++/doc/mainpage.md:72: warning: unable to resolve reference to 'mcd::Colors\n' for \ref command
/home/mathias/Bureau/Algo/C++Tests/C++/doc/mainpage.md:73: warning: unable to resolve reference to 'mcd::Direction\n' for \ref command
/home/mathias/Bureau/Algo/C++Tests/C++/doc/mainpage.md:74: warning: unable to resolve reference to 'mcd::CaractSet\n' for \ref command
/home/mathias/Bureau/Algo/C++Tests/C++/doc/mainpage.md:75: warning: unable to resolve reference to 'mcd::double64_t\n' for \ref command
/home/mathias/Bureau/Algo/C++Tests/C++/doc/mainpage.md:76: warning: unable to resolve reference to 'mcd::vector_str\n' for \ref command
/home/mathias/Bureau/Algo/C++Tests/C++/doc/mainpage.md:77: warning: unable to resolve reference to 'mcd::map_str\n' for \ref command
/home/mathias/Bureau/Algo/C++Tests/C++/doc/mainpage.md:78: warning: unable to resolve reference to 'mcd::pair_str\n' for \ref command
/home/mathias/Bureau/Algo/C++Tests/C++/doc/mainpage.md:79: warning: unable to resolve reference to 'mcd::trio_str\n' for \ref command
/home/mathias/Bureau/Algo/C++Tests/C++/doc/mainpage.md:80: warning: unable to resolve reference to 'mcd::quatuor_str\n' for \ref command
/home/mathias/Bureau/Algo/C++Tests/C++/doc/mainpage.md:81: warning: unable to resolve reference to 'BIG_E\n' for \ref command
/home/mathias/Bureau/Algo/C++Tests/C++/doc/mainpage.md:82: warning: unable to resolve reference to 'BIG_PI\n' for \ref command
/home/mathias/Bureau/Algo/C++Tests/C++/doc/mainpage.md:83: warning: unable to resolve reference to 'line_number\n' for \ref command
/home/mathias/Bureau/Algo/C++Tests/C++/doc/mainpage.md:84: warning: unable to resolve reference to 'THREADABLE\n' for \ref command
/home/mathias/Bureau/Algo/C++Tests/C++/doc/mainpage.md:44: warning: unable to resolve reference to 'mcd::Big\n' for \ref command
/home/mathias/Bureau/Algo/C++Tests/C++/doc/mainpage.md:45: warning: unable to resolve reference to 'mcd::Point\n' for \ref command
/home/mathias/Bureau/Algo/C++Tests/C++/doc/mainpage.md:46: warning: unable to resolve reference to 'mcd::PathfindingDijkstra\n' for \ref command
/home/mathias/Bureau/Algo/C++Tests/C++/doc/mainpage.md:47: warning: unable to resolve reference to 'mcd::Threadable\n' for \ref command
/home/mathias/Bureau/Algo/C++Tests/C++/doc/mainpage.md:48: warning: unable to resolve reference to 'mcd::trio\n' for \ref command
/home/mathias/Bureau/Algo/C++Tests/C++/doc/mainpage.md:49: warning: unable to resolve reference to 'mcd::quatuor\n' for \ref command
/home/mathias/Bureau/Algo/C++Tests/C++/doc/mainpage.md:50: warning: unable to resolve reference to 'mcd::stack\n' for \ref command
/home/mathias/Bureau/Algo/C++Tests/C++/doc/mainpage.md:51: warning: unable to resolve reference to 'mcd::queue\n' for \ref command
/home/mathias/Bureau/Algo/C++Tests/C++/doc/mainpage.md:52: warning: unable to resolve reference to 'mcd::vector\n' for \ref command
/home/mathias/Bureau/Algo/C++Tests/C++/doc/mainpage.md:53: warning: unable to resolve reference to 'mcd::Contraption\n' for \ref command
/home/mathias/Bureau/Algo/C++Tests/C++/doc/mainpage.md:54: warning: unable to resolve reference to 'mcd::Object\n' for \ref command
/home/mathias/Bureau/Algo/C++Tests/C++/doc/mainpage.md:55: warning: unable to resolve reference to 'mcd::Stone\n' for \ref command
/home/mathias/Bureau/Algo/C++Tests/C++/doc/mainpage.md:56: warning: unable to resolve reference to 'mcd::Entity\n' for \ref command
/home/mathias/Bureau/Algo/C++Tests/C++/doc/mainpage.md:57: warning: unable to resolve reference to 'mcd::Animal\n' for \ref command
/home/mathias/Bureau/Algo/C++Tests/C++/doc/mainpage.md:58: warning: unable to resolve reference to 'mcd::Ant\n' for \ref command
/home/mathias/Bureau/Algo/C++Tests/C++/doc/mainpage.md:59: warning: unable to resolve reference to 'mcd::Vegetal\n' for \ref command
/home/mathias/Bureau/Algo/C++Tests/C++/doc/mainpage.md:60: warning: unable to resolve reference to 'mcd::Plant\n' for \ref command
/home/mathias/Bureau/Algo/C++Tests/C++/doc/mainpage.md:61: warning: unable to resolve reference to 'mcd::Mushroom\n' for \ref command
/home/mathias/Bureau/Algo/C++Tests/C++/doc/mainpage.md:62: warning: unable to resolve reference to 'mcd::Player' for \ref command
/home/mathias/Bureau/Algo/C++Tests/C++/doc/mainpage.md:66: warning: unable to resolve reference to 'mcd::bdd\n' for \ref command
/home/mathias/Bureau/Algo/C++Tests/C++/doc/mainpage.md:67: warning: unable to resolve reference to 'mcd::rnd\n' for \ref command
/home/mathias/Bureau/Algo/C++Tests/C++/doc/mainpage.md:72: warning: unable to resolve reference to 'mcd::Colors\n' for \ref command
/home/mathias/Bureau/Algo/C++Tests/C++/doc/mainpage.md:73: warning: unable to resolve reference to 'mcd::Direction\n' for \ref command
/home/mathias/Bureau/Algo/C++Tests/C++/doc/mainpage.md:74: warning: unable to resolve reference to 'mcd::CaractSet\n' for \ref command
/home/mathias/Bureau/Algo/C++Tests/C++/doc/mainpage.md:75: warning: unable to resolve reference to 'mcd::double64_t\n' for \ref command
/home/mathias/Bureau/Algo/C++Tests/C++/doc/mainpage.md:76: warning: unable to resolve reference to 'mcd::vector_str\n' for \ref command
/home/mathias/Bureau/Algo/C++Tests/C++/doc/mainpage.md:77: warning: unable to resolve reference to 'mcd::map_str\n' for \ref command
/home/mathias/Bureau/Algo/C++Tests/C++/doc/mainpage.md:78: warning: unable to resolve reference to 'mcd::pair_str\n' for \ref command
/home/mathias/Bureau/Algo/C++Tests/C++/doc/mainpage.md:79: warning: unable to resolve reference to 'mcd::trio_str\n' for \ref command
/home/mathias/Bureau/Algo/C++Tests/C++/doc/mainpage.md:80: warning: unable to resolve reference to 'mcd::quatuor_str\n' for \ref command
/home/mathias/Bureau/Algo/C++Tests/C++/doc/mainpage.md:81: warning: unable to resolve reference to 'BIG_E\n' for \ref command
/home/mathias/Bureau/Algo/C++Tests/C++/doc/mainpage.md:82: warning: unable to resolve reference to 'BIG_PI\n' for \ref command
/home/mathias/Bureau/Algo/C++Tests/C++/doc/mainpage.md:83: warning: unable to resolve reference to 'line_number\n' for \ref command
/home/mathias/Bureau/Algo/C++Tests/C++/doc/mainpage.md:84: warning: unable to resolve reference to 'THREADABLE\n' for \ref command
